<?xml version="1.0" encoding="UTF-8"?>
<testng-results ignored="0" total="1" passed="1" failed="0" skipped="0">
  <reporter-output>
  </reporter-output>
  <suite started-at="2026-05-20T20:32:37 IST" name="Default suite" finished-at="2026-05-20T20:32:37 IST" duration-ms="79">
    <groups>
    </groups>
    <test started-at="2026-05-20T20:32:37 IST" name="Default test" finished-at="2026-05-20T20:32:37 IST" duration-ms="79">
      <class name="TestNGDemo">
        <test-method is-config="true" signature="beforetest()[pri:0, instance:TestNGDemo@3590fc5b]" started-at="2026-05-20T20:32:37 IST" name="beforetest" finished-at="2026-05-20T20:32:37 IST" duration-ms="16" status="PASS">
          <reporter-output>
          </reporter-output>
        </test-method> <!-- beforetest -->
        <test-method signature="Test()[pri:0, instance:TestNGDemo@3590fc5b]" started-at="2026-05-20T20:32:37 IST" name="Test" finished-at="2026-05-20T20:32:37 IST" duration-ms="9" status="PASS">
          <reporter-output>
          </reporter-output>
        </test-method> <!-- Test -->
        <test-method is-config="true" signature="AfterTest()[pri:0, instance:TestNGDemo@3590fc5b]" started-at="2026-05-20T20:32:37 IST" name="AfterTest" finished-at="2026-05-20T20:32:37 IST" duration-ms="1" status="PASS">
          <reporter-output>
          </reporter-output>
        </test-method> <!-- AfterTest -->
      </class> <!-- TestNGDemo -->
    </test> <!-- Default test -->
  </suite> <!-- Default suite -->
</testng-results>
